<?xml version="1.0" encoding="UTF-8"?>
<testsuite name="com.example.cfdemo.CfDemoApplicationTests" tests="1" skipped="0" failures="0" errors="0" timestamp="2018-12-03T18:39:31" hostname="Jeans-MacBook-Pro.local" time="1.122">
  <properties/>
  <testcase name="contextLoads" classname="com.example.cfdemo.CfDemoApplicationTests" time="1.122"/>
  <system-out><![CDATA[16:39:17.384 [Test worker] DEBUG org.springframework.test.context.junit4.SpringJUnit4ClassRunner - SpringJUnit4ClassRunner constructor called with [class com.example.cfdemo.CfDemoApplicationTests]
16:39:17.400 [Test worker] DEBUG org.springframework.test.context.BootstrapUtils - Instantiating CacheAwareContextLoaderDelegate from class [org.springframework.test.context.cache.DefaultCacheAwareContextLoaderDelegate]
16:39:17.421 [Test worker] DEBUG org.springframework.test.context.BootstrapUtils - Instantiating BootstrapContext using constructor [public org.springframework.test.context.support.DefaultBootstrapContext(java.lang.Class,org.springframework.test.context.CacheAwareContextLoaderDelegate)]
16:39:17.480 [Test worker] DEBUG org.springframework.test.context.BootstrapUtils - Instantiating TestContextBootstrapper for test class [com.example.cfdemo.CfDemoApplicationTests] from class [org.springframework.boot.test.context.SpringBootTestContextBootstrapper]
16:39:17.528 [Test worker] INFO org.springframework.boot.test.context.SpringBootTestContextBootstrapper - Neither @ContextConfiguration nor @ContextHierarchy found for test class [com.example.cfdemo.CfDemoApplicationTests], using SpringBootContextLoader
16:39:17.537 [Test worker] DEBUG org.springframework.test.context.support.AbstractContextLoader - Did not detect default resource location for test class [com.example.cfdemo.CfDemoApplicationTests]: class path resource [com/example/cfdemo/CfDemoApplicationTests-context.xml] does not exist
16:39:17.539 [Test worker] DEBUG org.springframework.test.context.support.AbstractContextLoader - Did not detect default resource location for test class [com.example.cfdemo.CfDemoApplicationTests]: class path resource [com/example/cfdemo/CfDemoApplicationTestsContext.groovy] does not exist
16:39:17.540 [Test worker] INFO org.springframework.test.context.support.AbstractContextLoader - Could not detect default resource locations for test class [com.example.cfdemo.CfDemoApplicationTests]: no resource found for suffixes {-context.xml, Context.groovy}.
16:39:17.544 [Test worker] INFO org.springframework.test.context.support.AnnotationConfigContextLoaderUtils - Could not detect default configuration classes for test class [com.example.cfdemo.CfDemoApplicationTests]: CfDemoApplicationTests does not declare any static, non-private, non-final, nested classes annotated with @Configuration.
16:39:17.647 [Test worker] DEBUG org.springframework.test.context.support.ActiveProfilesUtils - Could not find an 'annotation declaring class' for annotation type [org.springframework.test.context.ActiveProfiles] and class [com.example.cfdemo.CfDemoApplicationTests]
16:39:17.909 [Test worker] DEBUG org.springframework.context.annotation.ClassPathScanningCandidateComponentProvider - Identified candidate component class: file [/Users/jean/Desktop/cf-demo/build/classes/java/main/com/example/cfdemo/CfDemoApplication.class]
16:39:17.911 [Test worker] INFO org.springframework.boot.test.context.SpringBootTestContextBootstrapper - Found @SpringBootConfiguration com.example.cfdemo.CfDemoApplication for test class com.example.cfdemo.CfDemoApplicationTests
16:39:18.276 [Test worker] DEBUG org.springframework.boot.test.context.SpringBootTestContextBootstrapper - @TestExecutionListeners is not present for class [com.example.cfdemo.CfDemoApplicationTests]: using defaults.
16:39:18.279 [Test worker] INFO org.springframework.boot.test.context.SpringBootTestContextBootstrapper - Loaded default TestExecutionListener class names from location [META-INF/spring.factories]: [org.springframework.boot.test.autoconfigure.restdocs.RestDocsTestExecutionListener, org.springframework.boot.test.autoconfigure.web.client.MockRestServiceServerResetTestExecutionListener, org.springframework.boot.test.autoconfigure.web.servlet.MockMvcPrintOnlyOnFailureTestExecutionListener, org.springframework.boot.test.autoconfigure.web.servlet.WebDriverTestExecutionListener, org.springframework.boot.test.mock.mockito.MockitoTestExecutionListener, org.springframework.boot.test.mock.mockito.ResetMocksTestExecutionListener, org.springframework.test.context.web.ServletTestExecutionListener, org.springframework.test.context.support.DirtiesContextBeforeModesTestExecutionListener, org.springframework.test.context.support.DependencyInjectionTestExecutionListener, org.springframework.test.context.support.DirtiesContextTestExecutionListener, org.springframework.test.context.transaction.TransactionalTestExecutionListener, org.springframework.test.context.jdbc.SqlScriptsTestExecutionListener]
16:39:18.309 [Test worker] DEBUG org.springframework.boot.test.context.SpringBootTestContextBootstrapper - Skipping candidate TestExecutionListener [org.springframework.test.context.transaction.TransactionalTestExecutionListener] due to a missing dependency. Specify custom listener classes or make the default listener classes and their required dependencies available. Offending class: [org/springframework/transaction/interceptor/TransactionAttributeSource]
16:39:18.310 [Test worker] DEBUG org.springframework.boot.test.context.SpringBootTestContextBootstrapper - Skipping candidate TestExecutionListener [org.springframework.test.context.jdbc.SqlScriptsTestExecutionListener] due to a missing dependency. Specify custom listener classes or make the default listener classes and their required dependencies available. Offending class: [org/springframework/transaction/interceptor/TransactionAttribute]
16:39:18.318 [Test worker] INFO org.springframework.boot.test.context.SpringBootTestContextBootstrapper - Using TestExecutionListeners: [org.springframework.test.context.web.ServletTestExecutionListener@5542fc25, org.springframework.test.context.support.DirtiesContextBeforeModesTestExecutionListener@6f91f2df, org.springframework.boot.test.mock.mockito.MockitoTestExecutionListener@5491b94b, org.springframework.boot.test.autoconfigure.SpringBootDependencyInjectionTestExecutionListener@6683f99b, org.springframework.test.context.support.DirtiesContextTestExecutionListener@24e292ba, org.springframework.boot.test.autoconfigure.restdocs.RestDocsTestExecutionListener@44859bf3, org.springframework.boot.test.autoconfigure.web.client.MockRestServiceServerResetTestExecutionListener@1d8729c9, org.springframework.boot.test.autoconfigure.web.servlet.MockMvcPrintOnlyOnFailureTestExecutionListener@643144c3, org.springframework.boot.test.autoconfigure.web.servlet.WebDriverTestExecutionListener@54766dbd, org.springframework.boot.test.mock.mockito.ResetMocksTestExecutionListener@3c442ec3]
16:39:18.326 [Test worker] DEBUG org.springframework.test.annotation.ProfileValueUtils - Retrieved @ProfileValueSourceConfiguration [null] for test class [com.example.cfdemo.CfDemoApplicationTests]
16:39:18.329 [Test worker] DEBUG org.springframework.test.annotation.ProfileValueUtils - Retrieved ProfileValueSource type [class org.springframework.test.annotation.SystemProfileValueSource] for class [com.example.cfdemo.CfDemoApplicationTests]
16:39:18.331 [Test worker] DEBUG org.springframework.test.annotation.ProfileValueUtils - Retrieved @ProfileValueSourceConfiguration [null] for test class [com.example.cfdemo.CfDemoApplicationTests]
16:39:18.332 [Test worker] DEBUG org.springframework.test.annotation.ProfileValueUtils - Retrieved ProfileValueSource type [class org.springframework.test.annotation.SystemProfileValueSource] for class [com.example.cfdemo.CfDemoApplicationTests]
16:39:18.344 [Test worker] DEBUG org.springframework.test.context.support.AbstractDirtiesContextTestExecutionListener - Before test class: context [DefaultTestContext@5dfb8075 testClass = CfDemoApplicationTests, testInstance = [null], testMethod = [null], testException = [null], mergedContextConfiguration = [WebMergedContextConfiguration@558e9de8 testClass = CfDemoApplicationTests, locations = '{}', classes = '{class com.example.cfdemo.CfDemoApplication}', contextInitializerClasses = '[]', activeProfiles = '{}', propertySourceLocations = '{}', propertySourceProperties = '{org.springframework.boot.test.context.SpringBootTestContextBootstrapper=true}', contextCustomizers = set[org.springframework.boot.test.autoconfigure.properties.PropertyMappingContextCustomizer@0, org.springframework.boot.test.autoconfigure.web.servlet.WebDriverContextCustomizerFactory$Customizer@70d845b7, org.springframework.boot.test.context.filter.ExcludeFilterContextCustomizer@1dbc206e, org.springframework.boot.test.json.DuplicateJsonObjectContextCustomizerFactory$DuplicateJsonObjectContextCustomizer@471f2434, org.springframework.boot.test.mock.mockito.MockitoContextCustomizer@0, org.springframework.boot.test.web.client.TestRestTemplateContextCustomizer@c1e9211], resourceBasePath = 'src/main/webapp', contextLoader = 'org.springframework.boot.test.context.SpringBootContextLoader', parent = [null]], attributes = map['org.springframework.test.context.web.ServletTestExecutionListener.activateListener' -> true]], class annotated with @DirtiesContext [false] with mode [null].
16:39:18.347 [Test worker] DEBUG org.springframework.test.annotation.ProfileValueUtils - Retrieved @ProfileValueSourceConfiguration [null] for test class [com.example.cfdemo.CfDemoApplicationTests]
16:39:18.348 [Test worker] DEBUG org.springframework.test.annotation.ProfileValueUtils - Retrieved ProfileValueSource type [class org.springframework.test.annotation.SystemProfileValueSource] for class [com.example.cfdemo.CfDemoApplicationTests]
16:39:18.398 [Test worker] DEBUG org.springframework.test.context.support.TestPropertySourceUtils - Adding inlined properties to environment: {spring.jmx.enabled=false, org.springframework.boot.test.context.SpringBootTestContextBootstrapper=true, server.port=-1}

  .   ____          _            __ _ _
 /\\ / ___'_ __ _ _(_)_ __  __ _ \ \ \ \
( ( )\___ | '_ | '_| | '_ \/ _` | \ \ \ \
 \\/  ___)| |_)| | | | | || (_| |  ) ) ) )
  '  |____| .__|_| |_|_| |_\__, | / / / /
 =========|_|==============|___/=/_/_/_/
 :: Spring Boot ::        (v2.1.1.RELEASE)

2018-12-03 16:39:24.371  INFO 8713 --- [    Test worker] c.example.cfdemo.CfDemoApplicationTests  : Starting CfDemoApplicationTests on Jeans-MacBook-Pro.local with PID 8713 (started by jean in /Users/jean/Desktop/cf-demo)
2018-12-03 16:39:24.374  INFO 8713 --- [    Test worker] c.example.cfdemo.CfDemoApplicationTests  : No active profile set, falling back to default profiles: default
2018-12-03 16:39:30.479  INFO 8713 --- [    Test worker] o.s.s.concurrent.ThreadPoolTaskExecutor  : Initializing ExecutorService 'applicationTaskExecutor'
2018-12-03 16:39:31.799  INFO 8713 --- [    Test worker] c.example.cfdemo.CfDemoApplicationTests  : Started CfDemoApplicationTests in 13.357 seconds (JVM running for 16.848)
]]></system-out>
  <system-err><![CDATA[]]></system-err>
</testsuite>
